<?xml version="1.0" encoding="UTF-8"?>
<!-- Generated by org.testng.reporters.JUnitReportReporter -->
<testsuite skipped="0" hostname="DESKTOP-55RAJ5F" name="com.training.sanity.tests.NewTest" tests="2" failures="0" timestamp="15 Mar 2019 09:51:11 GMT" time="0.039" errors="0">
  <testcase name="testCase1" time="0.023" classname="com.training.sanity.tests.NewTest"/>
  <testcase name="testCase2" time="0.016" classname="com.training.sanity.tests.NewTest"/>
</testsuite> <!-- com.training.sanity.tests.NewTest -->
