<?xml version="1.0" encoding="UTF-8"?>
<!-- Generated by org.testng.reporters.JUnitReportReporter -->
<testsuite skipped="0" hostname="DESKTOP-55RAJ5F" name="com.training.regression.tests.LoginDBTest" tests="2" failures="0" timestamp="22 Mar 2019 10:20:41 GMT" time="78.009" errors="0">
  <testcase name="loginDBTest" time="38.317" classname="com.training.regression.tests.LoginDBTest"/>
  <testcase name="loginDBTest" time="39.692" classname="com.training.regression.tests.LoginDBTest"/>
</testsuite> <!-- com.training.regression.tests.LoginDBTest -->
