<?xml version="1.0" encoding="UTF-8"?>
<!-- Generated by org.testng.reporters.JUnitReportReporter -->
<testsuite skipped="0" hostname="DESKTOP-55RAJ5F" name="com.training.sanity.tests.RTTC_013Test" tests="1" failures="0" timestamp="11 Mar 2019 17:44:59 GMT" time="104.830" errors="0">
  <testcase name="DeleteCategory" time="104.830" classname="com.training.sanity.tests.RTTC_013Test"/>
</testsuite> <!-- com.training.sanity.tests.RTTC_013Test -->
