<?xml version="1.0" encoding="UTF-8"?>
<!-- Generated by org.testng.reporters.JUnitReportReporter -->
<testsuite skipped="0" hostname="DESKTOP-55RAJ5F" name="com.training.regression.tests.LoginExcelTest" tests="1" failures="0" timestamp="22 Mar 2019 11:13:35 GMT" time="8.215" errors="0">
  <testcase name="loginDBTest" time="8.215" classname="com.training.regression.tests.LoginExcelTest"/>
</testsuite> <!-- com.training.regression.tests.LoginExcelTest -->
