<?xml version="1.0" encoding="UTF-8"?>
<!-- Generated by org.testng.reporters.JUnitReportReporter -->
<testsuite skipped="0" hostname="DESKTOP-55RAJ5F" name="com.training.sanity.tests.RTTC_014Test" tests="1" failures="0" timestamp="18 Mar 2019 07:45:21 GMT" time="111.222" errors="0">
  <testcase name="productdeatils" time="111.222" classname="com.training.sanity.tests.RTTC_014Test"/>
</testsuite> <!-- com.training.sanity.tests.RTTC_014Test -->
