<?xml version="1.0" encoding="UTF-8"?>
<!-- Generated by org.testng.reporters.JUnitReportReporter -->
<testsuite skipped="0" hostname="DESKTOP-55RAJ5F" name="com.training.sanity.tests.RTTC_075Test" tests="4" failures="0" timestamp="01 Apr 2019 11:36:02 GMT" time="426.023" errors="0">
  <testcase name="productintegerclick" time="108.749" classname="com.training.sanity.tests.RTTC_075Test"/>
  <testcase name="productintegerclick" time="102.742" classname="com.training.sanity.tests.RTTC_075Test"/>
  <testcase name="productintegerclick" time="102.265" classname="com.training.sanity.tests.RTTC_075Test"/>
  <testcase name="productintegerclick" time="112.267" classname="com.training.sanity.tests.RTTC_075Test"/>
</testsuite> <!-- com.training.sanity.tests.RTTC_075Test -->
