<?xml version="1.0" encoding="UTF-8"?>
<!-- Generated by org.testng.reporters.JUnitReportReporter -->
<testsuite skipped="0" hostname="DESKTOP-55RAJ5F" name="com.training.sanity.tests.NewTest1" tests="4" failures="0" timestamp="17 Mar 2019 09:25:27 GMT" time="0.014" errors="0">
  <testcase name="b" time="0.002" classname="com.training.sanity.tests.NewTest1"/>
  <testcase name="d" time="0.001" classname="com.training.sanity.tests.NewTest1"/>
  <testcase name="a" time="0.007" classname="com.training.sanity.tests.NewTest1"/>
  <testcase name="c" time="0.004" classname="com.training.sanity.tests.NewTest1"/>
</testsuite> <!-- com.training.sanity.tests.NewTest1 -->
