<?xml version="1.0" encoding="UTF-8"?>
<!-- Generated by org.testng.reporters.JUnitReportReporter -->
<testsuite skipped="0" hostname="DESKTOP-55RAJ5F" name="com.training.sanity.tests.RTTC_042Test" tests="1" failures="0" timestamp="18 Mar 2019 07:30:27 GMT" time="163.650" errors="0">
  <testcase name="AddNewProduct" time="163.650" classname="com.training.sanity.tests.RTTC_042Test"/>
</testsuite> <!-- com.training.sanity.tests.RTTC_042Test -->
