<?xml version="1.0" encoding="UTF-8"?>
<!-- Generated by org.testng.reporters.JUnitReportReporter -->
<testsuite skipped="0" hostname="DESKTOP-55RAJ5F" name="com.training.sanity.tests.test1" tests="3" failures="0" timestamp="30 Mar 2019 09:22:36 GMT" time="0.023" errors="0">
  <testcase name="d" time="0.012" classname="com.training.sanity.tests.test1"/>
  <testcase name="z" time="0.005" classname="com.training.sanity.tests.test1"/>
  <testcase name="y" time="0.006" classname="com.training.sanity.tests.test1"/>
</testsuite> <!-- com.training.sanity.tests.test1 -->
