<?xml version="1.0" encoding="UTF-8"?>
<!-- Generated by org.testng.reporters.JUnitReportReporter -->
<testsuite skipped="0" hostname="DESKTOP-55RAJ5F" name="com.training.sanity.tests.ProductDetails" tests="1" failures="0" timestamp="06 Mar 2019 11:49:35 GMT" time="45.784" errors="0">
  <testcase name="productdeatils" time="45.784" classname="com.training.sanity.tests.ProductDetails"/>
</testsuite> <!-- com.training.sanity.tests.ProductDetails -->
