<?xml version="1.0" encoding="UTF-8"?>
<!-- Generated by org.testng.reporters.JUnitReportReporter -->
<testsuite skipped="0" hostname="DESKTOP-55RAJ5F" name="com.training.sanity.tests.RTTC_014Test" tests="1" failures="0" timestamp="12 Mar 2019 15:00:25 GMT" time="46.816" errors="0">
  <testcase name="productdeatils" time="46.816" classname="com.training.sanity.tests.RTTC_014Test"/>
</testsuite> <!-- com.training.sanity.tests.RTTC_014Test -->
