<?xml version="1.0" encoding="UTF-8"?>
<!-- Generated by org.testng.reporters.JUnitReportReporter -->
<testsuite skipped="0" hostname="DESKTOP-55RAJ5F" name="com.training.sanity.tests.RTTC_073Test" tests="1" failures="0" timestamp="01 Apr 2019 11:27:30 GMT" time="50.940" errors="0">
  <testcase name="AddNewProduct" time="50.940" classname="com.training.sanity.tests.RTTC_073Test"/>
</testsuite> <!-- com.training.sanity.tests.RTTC_073Test -->
