<?xml version="1.0" encoding="UTF-8"?>
<!-- Generated by org.testng.reporters.JUnitReportReporter -->
<testsuite skipped="0" hostname="DESKTOP-55RAJ5F" name="com.training.sanity.tests.RTTC_015Test" tests="1" failures="0" timestamp="12 Mar 2019 16:13:02 GMT" time="78.594" errors="0">
  <testcase name="DeleteProduct" time="78.594" classname="com.training.sanity.tests.RTTC_015Test"/>
</testsuite> <!-- com.training.sanity.tests.RTTC_015Test -->
