<?xml version="1.0" encoding="UTF-8"?>
<!-- Generated by org.testng.reporters.JUnitReportReporter -->
<testsuite skipped="0" hostname="DESKTOP-55RAJ5F" name="com.training.sanity.tests.RTTC_044Test" tests="1" failures="0" timestamp="15 Mar 2019 12:05:59 GMT" time="51.446" errors="0">
  <testcase name="DeleteProducts" time="51.446" classname="com.training.sanity.tests.RTTC_044Test"/>
</testsuite> <!-- com.training.sanity.tests.RTTC_044Test -->
