<?xml version="1.0" encoding="UTF-8"?>
<!-- Generated by org.testng.reporters.JUnitReportReporter -->
<testsuite skipped="0" hostname="DESKTOP-55RAJ5F" name="com.training.sanity.tests.RTTC_043Test" tests="1" failures="0" timestamp="16 Mar 2019 11:14:44 GMT" time="50.806" errors="0">
  <testcase name="DeleteProducts" time="50.806" classname="com.training.sanity.tests.RTTC_043Test"/>
</testsuite> <!-- com.training.sanity.tests.RTTC_043Test -->
