<?xml version="1.0" encoding="UTF-8"?>
<!-- Generated by org.testng.reporters.JUnitReportReporter -->
<testsuite skipped="0" hostname="DESKTOP-55RAJ5F" name="com.training.sanity.tests.ListOfCategories" tests="1" failures="0" timestamp="06 Mar 2019 09:41:34 GMT" time="45.853" errors="0">
  <testcase name="listOfCategories" time="45.853" classname="com.training.sanity.tests.ListOfCategories"/>
</testsuite> <!-- com.training.sanity.tests.ListOfCategories -->
