<?xml version="1.0" encoding="UTF-8"?>
<!-- Generated by org.testng.reporters.JUnitReportReporter -->
<testsuite skipped="0" hostname="DESKTOP-55RAJ5F" name="com.training.sanity.tests.RTTC_012Test" tests="1" failures="0" timestamp="12 Mar 2019 13:59:16 GMT" time="43.242" errors="0">
  <testcase name="listOfCategories" time="43.242" classname="com.training.sanity.tests.RTTC_012Test"/>
</testsuite> <!-- com.training.sanity.tests.RTTC_012Test -->
