<?xml version="1.0" encoding="UTF-8"?>
<!-- Generated by org.testng.reporters.JUnitReportReporter -->
<testsuite skipped="0" hostname="DESKTOP-55RAJ5F" name="com.training.regression.tests.LoginExcelTest" tests="1" failures="0" timestamp="21 Mar 2019 05:36:06 GMT" time="37.509" errors="0">
  <testcase name="loginDBTest" time="37.509" classname="com.training.regression.tests.LoginExcelTest"/>
</testsuite> <!-- com.training.regression.tests.LoginExcelTest -->
