<?xml version="1.0" encoding="UTF-8"?>
<!-- Generated by org.testng.reporters.JUnitReportReporter -->
<testsuite skipped="0" hostname="DESKTOP-55RAJ5F" name="com.training.sanity.tests.LoginTests" tests="1" failures="0" timestamp="05 Mar 2019 14:35:30 GMT" time="40.379" errors="0">
  <testcase name="validLoginTest" time="40.379" classname="com.training.sanity.tests.LoginTests"/>
</testsuite> <!-- com.training.sanity.tests.LoginTests -->
