<?xml version="1.0" encoding="UTF-8"?>
<!-- Generated by org.testng.reporters.JUnitReportReporter -->
<testsuite skipped="0" hostname="DESKTOP-55RAJ5F" name="com.training.sanity.tests.RTTC_041Test" tests="6" failures="0" timestamp="18 Mar 2019 04:40:38 GMT" time="16.568" errors="0">
  <testcase name="productsearchbyproductname" time="3.290" classname="com.training.sanity.tests.RTTC_041Test"/>
  <testcase name="productsearchbyprice" time="1.417" classname="com.training.sanity.tests.RTTC_041Test"/>
  <testcase name="productsearchbystatus" time="1.416" classname="com.training.sanity.tests.RTTC_041Test"/>
  <testcase name="productsearchbyModel" time="4.411" classname="com.training.sanity.tests.RTTC_041Test"/>
  <testcase name="productsearchbyQuantity" time="4.535" classname="com.training.sanity.tests.RTTC_041Test"/>
  <testcase name="productsearchbyImage" time="1.499" classname="com.training.sanity.tests.RTTC_041Test"/>
</testsuite> <!-- com.training.sanity.tests.RTTC_041Test -->
