<?xml version="1.0" encoding="UTF-8"?>
<!-- Generated by org.testng.reporters.JUnitReportReporter -->
<testsuite skipped="0" hostname="DESKTOP-55RAJ5F" name="com.training.sanity.tests.RTTC_071Test" tests="4" failures="0" timestamp="01 Apr 2019 05:35:32 GMT" time="217.254" errors="0">
  <testcase name="AddNewProduct" time="53.410" classname="com.training.sanity.tests.RTTC_071Test"/>
  <testcase name="AddNewProduct" time="52.626" classname="com.training.sanity.tests.RTTC_071Test"/>
  <testcase name="AddNewProduct" time="56.694" classname="com.training.sanity.tests.RTTC_071Test"/>
  <testcase name="AddNewProduct" time="54.524" classname="com.training.sanity.tests.RTTC_071Test"/>
</testsuite> <!-- com.training.sanity.tests.RTTC_071Test -->
